<?xml version="1.0" encoding="UTF-8"?>
<testng-results ignored="0" total="1" passed="1" failed="0" skipped="0">
  <reporter-output>
  </reporter-output>
  <suite started-at="2024-01-15T00:54:46 CET" name="Default suite" finished-at="2024-01-15T00:55:18 CET" duration-ms="32028">
    <groups>
      <group name="cucumber">
        <method signature="AbstractTestNGCucumberTests.runScenario(io.cucumber.testng.PickleWrapper,io.cucumber.testng.FeatureWrapper)[pri:0, instance:endtoend.testRunner.TestRunner@c05fddc]" name="runScenario" class="io.cucumber.testng.AbstractTestNGCucumberTests"/>
      </group> <!-- cucumber -->
    </groups>
    <test started-at="2024-01-15T00:54:46 CET" name="Default test" finished-at="2024-01-15T00:55:18 CET" duration-ms="32028">
      <class name="endtoend.testRunner.TestRunner">
        <test-method is-config="true" signature="setUpClass(org.testng.ITestContext)[pri:0, instance:endtoend.testRunner.TestRunner@c05fddc]" started-at="2024-01-15T00:54:46 CET" name="setUpClass" finished-at="2024-01-15T00:54:46 CET" duration-ms="375" status="PASS">
          <params>
            <param index="0">
              <value>
                <![CDATA[org.testng.TestRunner@1200458e]]>
              </value>
            </param>
          </params>
          <reporter-output>
          </reporter-output>
        </test-method> <!-- setUpClass -->
        <test-method signature="runScenario(io.cucumber.testng.PickleWrapper,io.cucumber.testng.FeatureWrapper)[pri:0, instance:endtoend.testRunner.TestRunner@c05fddc]" started-at="2024-01-15T00:54:46 CET" name="runScenario" description="Runs Cucumber Scenarios" data-provider="scenarios" finished-at="2024-01-15T00:55:17 CET" duration-ms="31555" status="PASS">
          <params>
            <param index="0">
              <value>
                <![CDATA["Create and check job"]]>
              </value>
            </param>
            <param index="1">
              <value>
                <![CDATA["Create a job and check the job creation"]]>
              </value>
            </param>
          </params>
          <reporter-output>
          </reporter-output>
        </test-method> <!-- runScenario -->
        <test-method is-config="true" signature="tearDownClass()[pri:0, instance:endtoend.testRunner.TestRunner@c05fddc]" started-at="2024-01-15T00:55:17 CET" name="tearDownClass" finished-at="2024-01-15T00:55:18 CET" duration-ms="70" status="PASS">
          <reporter-output>
          </reporter-output>
        </test-method> <!-- tearDownClass -->
      </class> <!-- endtoend.testRunner.TestRunner -->
    </test> <!-- Default test -->
  </suite> <!-- Default suite -->
</testng-results>
